<?xml version="1.0" encoding="UTF-8"?>
<!-- Generated by org.testng.reporters.JUnitReportReporter -->
<testsuite hostname="DESKTOP-I9O6J79" failures="0" tests="2" name="testScripts.bookStoreApiTest" time="6.516" errors="0" timestamp="2022-07-29T12:15:45 EDT" skipped="0">
  <testcase classname="testScripts.bookStoreApiTest" name="getAllBooks" time="6.100"/>
  <system-out/>
  <testcase classname="testScripts.bookStoreApiTest" name="getBookWithISBN" time="0.416"/>
  <system-out/>
</testsuite> <!-- testScripts.bookStoreApiTest -->
